2021-11-28 15:05:36 DEBUG    Найдены диски BRIO D:\BRIO
2021-11-28 15:05:36 DEBUG    ORIGINAL на диске D:\ORIGINAL
2021-11-28 15:05:43 ERROR    (-2147221008, 'Не был произведен вызов CoInitialize.', None, None)
2021-11-28 15:05:48 ERROR    (-2147221008, 'Не был произведен вызов CoInitialize.', None, None)
2021-11-28 15:08:07 DEBUG    Найдены диски BRIO D:\BRIO
2021-11-28 15:08:07 DEBUG    ORIGINAL на диске D:\ORIGINAL
2021-11-28 15:08:13 ERROR    (-2147221008, 'Не был произведен вызов CoInitialize.', None, None)
2021-11-28 15:08:18 ERROR    (-2147221008, 'Не был произведен вызов CoInitialize.', None, None)
2021-11-28 15:08:38 DEBUG    Найдены диски BRIO D:\BRIO
2021-11-28 15:08:38 DEBUG    ORIGINAL на диске D:\ORIGINAL
2021-11-28 15:08:53 ERROR    (-2147221008, 'Не был произведен вызов CoInitialize.', None, None)
2021-11-28 15:08:58 ERROR    (-2147221008, 'Не был произведен вызов CoInitialize.', None, None)
2021-11-28 15:13:34 DEBUG    Найдены диски BRIO D:\BRIO
2021-11-28 15:13:34 DEBUG    ORIGINAL на диске D:\ORIGINAL
2021-11-28 15:16:05 DEBUG    Найдены диски BRIO D:\BRIO
2021-11-28 15:16:05 DEBUG    ORIGINAL на диске D:\ORIGINAL
2021-11-28 15:18:28 DEBUG    Найдены диски BRIO D:\BRIO
2021-11-28 15:18:28 DEBUG    ORIGINAL на диске D:\ORIGINAL
2021-11-28 15:18:32 DEBUG    Найдены диски BRIO D:\BRIO
2021-11-28 15:18:32 DEBUG    ORIGINAL на диске D:\ORIGINAL
2021-11-28 15:21:21 DEBUG    Найдены диски BRIO D:\BRIO
2021-11-28 15:21:21 DEBUG    ORIGINAL на диске D:\ORIGINAL
2021-11-28 15:21:46 DEBUG    Найдены диски BRIO D:\BRIO
2021-11-28 15:21:46 DEBUG    ORIGINAL на диске D:\ORIGINAL
2021-11-28 15:24:46 DEBUG    Найдены диски BRIO D:\BRIO
2021-11-28 15:24:46 DEBUG    ORIGINAL на диске D:\ORIGINAL
2021-11-28 15:29:56 DEBUG    Найдены диски BRIO D:\BRIO
2021-11-28 15:29:56 DEBUG    ORIGINAL на диске D:\ORIGINAL
2021-11-28 15:32:52 DEBUG    Найдены диски BRIO D:\BRIO
2021-11-28 15:32:52 DEBUG    ORIGINAL на диске D:\ORIGINAL
2021-11-28 15:33:58 DEBUG    Найдены диски BRIO D:\BRIO
2021-11-28 15:33:58 DEBUG    ORIGINAL на диске D:\ORIGINAL
2021-11-28 15:36:55 DEBUG    Найдены диски BRIO D:\BRIO
2021-11-28 15:36:55 DEBUG    ORIGINAL на диске D:\ORIGINAL
2021-11-28 15:39:46 DEBUG    Найдены диски BRIO D:\BRIO
2021-11-28 15:39:46 DEBUG    ORIGINAL на диске D:\ORIGINAL
2021-11-28 15:40:20 DEBUG    Найдены диски BRIO D:\BRIO
2021-11-28 15:40:20 DEBUG    ORIGINAL на диске D:\ORIGINAL
2021-11-28 15:42:56 DEBUG    Найдены диски BRIO D:\BRIO
2021-11-28 15:42:56 DEBUG    ORIGINAL на диске D:\ORIGINAL
2021-11-28 20:44:00 DEBUG    Найдены диски BRIO D:\BRIO
2021-11-28 20:44:00 DEBUG    ORIGINAL на диске D:\ORIGINAL
2021-11-28 20:45:47 DEBUG    Найдены диски BRIO D:\BRIO
2021-11-28 20:45:47 DEBUG    ORIGINAL на диске D:\ORIGINAL
2021-11-28 20:46:20 DEBUG    Найдены диски BRIO D:\BRIO
2021-11-28 20:46:20 DEBUG    ORIGINAL на диске D:\ORIGINAL
2021-11-28 20:47:44 DEBUG    Найдены диски BRIO D:\BRIO
2021-11-28 20:47:44 DEBUG    ORIGINAL на диске D:\ORIGINAL
2021-11-28 20:48:21 DEBUG    Найдены диски BRIO D:\BRIO
2021-11-28 20:48:21 DEBUG    ORIGINAL на диске D:\ORIGINAL
2021-11-28 20:48:45 DEBUG    Найдены диски BRIO D:\BRIO
2021-11-28 20:48:45 DEBUG    ORIGINAL на диске D:\ORIGINAL
2021-11-28 20:49:15 DEBUG    Найдены диски BRIO D:\BRIO
2021-11-28 20:49:15 DEBUG    ORIGINAL на диске D:\ORIGINAL
2021-11-28 20:49:15 DEBUG    Найдены диски BRIO D:\BRIO
2021-11-28 20:49:15 DEBUG    ORIGINAL на диске D:\ORIGINAL
2021-11-28 20:49:54 DEBUG    Найдены диски BRIO D:\BRIO
2021-11-28 20:49:54 DEBUG    ORIGINAL на диске D:\ORIGINAL
2021-11-28 20:51:06 DEBUG    Найдены диски BRIO D:\BRIO
2021-11-28 20:51:06 DEBUG    ORIGINAL на диске D:\ORIGINAL
2021-11-28 20:51:20 DEBUG    Найдены диски BRIO D:\BRIO
2021-11-28 20:51:20 DEBUG    ORIGINAL на диске D:\ORIGINAL
2021-11-28 20:56:01 DEBUG    Найдены диски BRIO D:\BRIO
2021-11-28 20:56:01 DEBUG    ORIGINAL на диске D:\ORIGINAL
2021-11-28 20:58:06 DEBUG    Найдены диски BRIO D:\BRIO
2021-11-28 20:58:06 DEBUG    ORIGINAL на диске D:\ORIGINAL
2021-11-28 20:58:49 DEBUG    Найдены диски BRIO D:\BRIO
2021-11-28 20:58:49 DEBUG    ORIGINAL на диске D:\ORIGINAL
2021-11-28 21:00:53 DEBUG    Найдены диски BRIO D:\BRIO
2021-11-28 21:00:53 DEBUG    ORIGINAL на диске D:\ORIGINAL
2021-11-28 21:02:02 DEBUG    Найдены диски BRIO D:\BRIO
2021-11-28 21:02:02 DEBUG    ORIGINAL на диске D:\ORIGINAL
2021-11-28 21:02:44 DEBUG    Найдены диски BRIO D:\BRIO
2021-11-28 21:02:44 DEBUG    ORIGINAL на диске D:\ORIGINAL
2021-11-28 21:03:02 DEBUG    Найдены диски BRIO D:\BRIO
2021-11-28 21:03:02 DEBUG    Первоначальный список файлов на удаление []
2021-11-28 21:03:02 DEBUG    []
2021-11-28 21:03:02 DEBUG    Финальный список на удаление []
2021-11-28 21:03:02 DEBUG    Скрипт закончил выполнение.
2021-11-28 21:03:26 DEBUG    Найдены диски BRIO D:\BRIO
2021-11-28 21:03:26 DEBUG    ORIGINAL на диске D:\ORIGINAL
2021-11-28 21:07:35 DEBUG    Найдены диски BRIO D:\BRIO
2021-11-28 21:07:35 DEBUG    ORIGINAL на диске D:\ORIGINAL
2021-11-28 21:37:41 DEBUG    Найдены диски BRIO D:\BRIO
2021-11-28 21:37:41 DEBUG    ORIGINAL на диске D:\ORIGINAL
