2022-04-01 14:15:16 DEBUG    Файл рюкзак_3.mp4 скопирован
2022-04-01 14:34:11 DEBUG    Файл Рюкзак.iso скопирован
2022-04-01 14:36:36 DEBUG    Запущено копирование файла: рюкзак_2.iso
2022-04-01 14:36:37 DEBUG    Файл рюкзак_2.iso скопирован
2022-04-01 14:36:47 DEBUG    Запущено копирование файла: рюкзак_6.iso
2022-04-01 14:36:47 DEBUG    Файл рюкзак_6.iso скопирован
2022-04-01 14:36:59 DEBUG    Запущено копирование файла: рюкзак_2.iso
2022-04-01 14:36:59 DEBUG    Файл рюкзак_2.iso скопирован
2022-04-01 14:40:14 DEBUG    Запущено копирование файла: Рюкзак.iso
2022-04-01 14:40:14 DEBUG    Файл Рюкзак.iso скопирован
2022-04-01 14:40:24 DEBUG    Запущено копирование файла: рюкзак_2.iso
2022-04-01 14:40:24 DEBUG    Файл рюкзак_2.iso скопирован
2022-04-01 14:40:34 DEBUG    Запущено копирование файла: рюкзак_6.iso
2022-04-01 14:40:34 DEBUG    Файл рюкзак_6.iso скопирован
2022-04-01 14:45:01 DEBUG    Запущено копирование файла: рюкзак_7.iso
2022-04-01 14:45:05 ERROR    (-2144927744, 'OLE error 0x80270000', None, None)
2022-04-01 14:45:05 DEBUG    Копирование файла рюкзак_7.iso отменено
2022-04-01 14:45:05 DEBUG    Файл рюкзак_7.iso скопирован
2022-04-01 14:47:05 DEBUG    Запущено копирование файла: рюкзак_7.iso
2022-04-01 14:47:08 ERROR    (-2144927744, 'OLE error 0x80270000', None, None)
2022-04-01 14:47:08 DEBUG    Копирование файла рюкзак_7.iso отменено
2022-04-01 14:53:50 DEBUG    Запущено копирование файла: рюкзак_7.iso
2022-04-01 14:54:33 DEBUG    Запущено копирование файла: рюкзак_7.iso
2022-04-01 14:54:38 ERROR    (-2144927744, 'OLE error 0x80270000', None, None)
2022-04-01 14:54:38 DEBUG    Копирование файла рюкзак_7.iso отменено
2022-04-01 14:55:33 DEBUG    Запущено копирование файла: рюкзак_8.iso
2022-04-01 14:55:33 DEBUG    Запущено копирование файла: рюкзак_8.iso
2022-04-01 14:55:33 ERROR    [WinError 183] Невозможно создать файл, так как он уже существует: 'C:\\Users\\Gekk0\\PycharmProjects\\360\\BRIO_assistant\\ORIGINAL\\ИСХОДНИКИ ПЕРЕГОНЫ\\АПРЕЛЬ\\01\\Файл копируется.....рюкзак_8.iso' -> 'C:\\Users\\Gekk0\\PycharmProjects\\360\\BRIO_assistant\\ORIGINAL\\ИСХОДНИКИ ПЕРЕГОНЫ\\АПРЕЛЬ\\01\\рюкзак_8.iso'
2022-04-01 14:55:33 DEBUG    Копирование файла рюкзак_8.iso отменено
2022-04-01 15:00:59 DEBUG    Запущено копирование файла: рюкзак_7.iso
2022-04-01 15:01:05 DEBUG    Файл рюкзак_7.iso скопирован
2022-04-01 15:02:48 DEBUG    Запущено копирование файла: рюкзак_7.iso
2022-04-01 15:02:52 ERROR    (-2144927744, 'OLE error 0x80270000', None, None)
2022-04-01 15:02:52 DEBUG    Копирование файла рюкзак_7.iso отменено
2022-04-01 15:04:30 DEBUG    Запущено копирование файла: рюкзак_7.iso
2022-04-01 15:04:35 DEBUG    Файл рюкзак_7.iso скопирован
2022-04-01 15:05:03 DEBUG    Запущено копирование файла: рюкзак_7.iso
2022-04-01 15:05:09 DEBUG    Файл рюкзак_7.iso скопирован
2022-04-01 15:11:51 DEBUG    Запущено копирование файла: рюкзак_3.mp4
2022-04-01 15:11:51 DEBUG    Файл рюкзак_3.mp4 скопирован
2022-04-01 15:13:23 DEBUG    Запущено копирование файла: рюкзак_7.iso
2022-04-01 15:13:29 DEBUG    Файл рюкзак_7.iso скопирован
